  Building Custom Rule C:/Users/Mohamed/projects/BasicEngine/CMakeLists.txt
  Camera.cpp
  IndexBuffer.cpp
  Mesh.cpp
  MeshConstructor.cpp
C:\Users\Mohamed\projects\BasicEngine\Engine3D\MeshConstructor.cpp(62,18): warning C4267: 'initializing': conversion from 'size_t' to 'int', possible loss of data
C:\Users\Mohamed\projects\BasicEngine\Engine3D\MeshConstructor.cpp(63,33): warning C4267: '=': conversion from 'size_t' to 'unsigned int', possible loss of data
C:\Users\Mohamed\projects\BasicEngine\Engine3D\MeshConstructor.cpp(82,18): warning C4267: 'initializing': conversion from 'size_t' to 'int', possible loss of data
C:\Users\Mohamed\projects\BasicEngine\Engine3D\MeshConstructor.cpp(83,33): warning C4267: '=': conversion from 'size_t' to 'unsigned int', possible loss of data
  MovableGLM.cpp
  VertexArray.cpp
  VertexBuffer.cpp
  obj_loader.cpp
C:\Users\Mohamed\projects\BasicEngine\Engine3D\obj_loader.cpp(27,37): warning C4267: 'initializing': conversion from 'size_t' to 'unsigned int', possible loss of data
C:\Users\Mohamed\projects\BasicEngine\Engine3D\obj_loader.cpp(66,29): warning C4267: 'initializing': conversion from 'size_t' to 'unsigned int', possible loss of data
C:\Users\Mohamed\projects\BasicEngine\Engine3D\obj_loader.cpp(109,58): warning C4267: '=': conversion from 'size_t' to 'unsigned int', possible loss of data
C:\Users\Mohamed\projects\BasicEngine\Engine3D\obj_loader.cpp(125,53): warning C4267: '=': conversion from 'size_t' to 'unsigned int', possible loss of data
C:\Users\Mohamed\projects\BasicEngine\Engine3D\obj_loader.cpp(157,22): warning C4267: 'initializing': conversion from 'size_t' to 'unsigned int', possible loss of data
C:\Users\Mohamed\projects\BasicEngine\Engine3D\obj_loader.cpp(261,30): warning C4267: 'initializing': conversion from 'size_t' to 'unsigned int', possible loss of data
C:\Users\Mohamed\projects\BasicEngine\Engine3D\obj_loader.cpp(295,30): warning C4267: 'initializing': conversion from 'size_t' to 'unsigned int', possible loss of data
C:\Users\Mohamed\projects\BasicEngine\Engine3D\obj_loader.cpp(328,30): warning C4267: 'initializing': conversion from 'size_t' to 'unsigned int', possible loss of data
C:\Users\Mohamed\projects\BasicEngine\Engine3D\obj_loader.cpp(385,28): warning C4267: 'initializing': conversion from 'size_t' to 'unsigned int', possible loss of data
  scene.cpp
C:\Users\Mohamed\projects\BasicEngine\Engine3D\scene.cpp(225,15): warning C4244: '=': conversion from 'float' to 'int', possible loss of data
C:\Users\Mohamed\projects\BasicEngine\Engine3D\scene.cpp(226,15): warning C4244: '=': conversion from 'float' to 'int', possible loss of data
C:\Users\Mohamed\projects\BasicEngine\Engine3D\scene.cpp(227,10): warning C4244: '=': conversion from 'float' to 'int', possible loss of data
C:\Users\Mohamed\projects\BasicEngine\Engine3D\scene.cpp(228,10): warning C4244: '=': conversion from 'float' to 'int', possible loss of data
  shader.cpp
C:\Users\Mohamed\projects\BasicEngine\Engine3D\shader.cpp(95,29): warning C4267: '=': conversion from 'size_t' to 'GLint', possible loss of data
  shape.cpp
  texture.cpp
  Generating Code...
  stb_image.c
C:\Users\Mohamed\projects\BasicEngine\Engine3D\stb_image.c(302,8): warning C4996: 'fopen': This function or variable may be unsafe. Consider using fopen_s instead. To disable deprecation, use _CRT_SECURE_NO_WARNINGS. See online help for details.
C:\Users\Mohamed\projects\BasicEngine\Engine3D\stb_image.c(365,8): warning C4996: 'fopen': This function or variable may be unsafe. Consider using fopen_s instead. To disable deprecation, use _CRT_SECURE_NO_WARNINGS. See online help for details.
C:\Users\Mohamed\projects\BasicEngine\Engine3D\stb_image.c(404,8): warning C4996: 'fopen': This function or variable may be unsafe. Consider using fopen_s instead. To disable deprecation, use _CRT_SECURE_NO_WARNINGS. See online help for details.
C:\Users\Mohamed\projects\BasicEngine\Engine3D\stb_image.c(504,36): warning C4244: 'initializing': conversion from '__int64' to 'int', possible loss of data
C:\Users\Mohamed\projects\BasicEngine\Engine3D\stb_image.c(517,36): warning C4244: 'initializing': conversion from '__int64' to 'int', possible loss of data
C:\Users\Mohamed\projects\BasicEngine\Engine3D\stb_image.c(4298,6): warning C4996: 'fopen': This function or variable may be unsafe. Consider using fopen_s instead. To disable deprecation, use _CRT_SECURE_NO_WARNINGS. See online help for details.
  Engine.vcxproj -> C:\Users\Mohamed\projects\BasicEngine\build\Debug\Engine.lib
